

2014-10-30 08:33:51 User soothsilver, IP 127.0.0.1, host [no lookup], request DeleteUser
Error: query to SQL database unsuccessful causes  with details Cannot delete or update a parent row: a foreign key constraint fails (`asmregen`.`subscriptions`, CONSTRAINT `FK_4778A0164B64DCC` FOREIGN KEY (`userId`) REFERENCES `users` (`id`))

2014-10-30 08:33:58 User soothsilver, IP 127.0.0.1, host [no lookup], request DeleteUser
Error: query to SQL database unsuccessful causes  with details Cannot delete or update a parent row: a foreign key constraint fails (`asmregen`.`subscriptions`, CONSTRAINT `FK_4778A0164B64DCC` FOREIGN KEY (`userId`) REFERENCES `users` (`id`))

2014-10-30 08:34:46 User soothsilver, IP 127.0.0.1, host [no lookup], request DeleteUser
Error: query to SQL database unsuccessful causes  with details Cannot delete or update a parent row: a foreign key constraint fails (`asmregen`.`subscriptions`, CONSTRAINT `FK_4778A0164B64DCC` FOREIGN KEY (`userId`) REFERENCES `users` (`id`))

2014-11-01 15:10:39 User soothsilver, IP 127.0.0.1, host [no lookup], request EditQuestion
Fatal Error: Undefined offset: 1 (QueryManager.php:804) causes Runtime error with details #0 QueryManager.php:804 asm\utils\ErrorHandler->handleError(8, 'Undefined offset: 1', 'C:\\Apps\\EasyPHP\\data\\localweb\\xmlcheck\\core\\db\\QueryManager.php', 804, array('requestId' => 'getAttachmentsVisibleByUserId', 'args' => array(0 => '543'), 'selectTable' => 120))
#1 Database.php:47 asm\db\QueryManager::getQuery('getAttachmentsVisibleByUserId', array(0 => '543'))
#2 Core.php:40 asm\db\Database::request('getAttachmentsVisibleByUserId', array(0 => '543'))
#3 EditQuestion.php:41 asm\core\Core::sendDbRequest('getAttachmentsVisibleByUserId', '543')
#4 UiScript.php:45 asm\core\EditQuestion->body()
#5 Core.php:266 asm\core\UiScript->run(array('id' => '1', 'lecture' => '12', 'text' => 'gsdfgdfsgdfsg', 'type' => 'choice', 'options' => 'dfsgdfsgdfg', 'attachments' => '1'), array())
#6 request.php:39 asm\core\Core::handleUiRequest(array('id' => '1', 'lecture' => '12', 'text' => 'gsdfgdfsgdfsg', 'type' => 'choice', 'options' => 'dfsgdfsgdfg', 'attachments' => '1', 'action' => 'EditQuestion'), array())

2014-11-01 15:10:44 User soothsilver, IP 127.0.0.1, host [no lookup], request EditQuestion
Fatal Error: Undefined offset: 1 (QueryManager.php:804) causes Runtime error with details #0 QueryManager.php:804 asm\utils\ErrorHandler->handleError(8, 'Undefined offset: 1', 'C:\\Apps\\EasyPHP\\data\\localweb\\xmlcheck\\core\\db\\QueryManager.php', 804, array('requestId' => 'getAttachmentsVisibleByUserId', 'args' => array(0 => '543'), 'selectTable' => 120))
#1 Database.php:47 asm\db\QueryManager::getQuery('getAttachmentsVisibleByUserId', array(0 => '543'))
#2 Core.php:40 asm\db\Database::request('getAttachmentsVisibleByUserId', array(0 => '543'))
#3 EditQuestion.php:41 asm\core\Core::sendDbRequest('getAttachmentsVisibleByUserId', '543')
#4 UiScript.php:45 asm\core\EditQuestion->body()
#5 Core.php:266 asm\core\UiScript->run(array('id' => '1', 'lecture' => '12', 'text' => 'gsdfgdfsgdfsg', 'type' => 'choice', 'options' => 'dfsgdfsgdfg', 'attachments' => '1'), array())
#6 request.php:39 asm\core\Core::handleUiRequest(array('id' => '1', 'lecture' => '12', 'text' => 'gsdfgdfsgdfsg', 'type' => 'choice', 'options' => 'dfsgdfsgdfg', 'attachments' => '1', 'action' => 'EditQuestion'), array())

2014-11-01 15:12:49 User soothsilver, IP 127.0.0.1, host [no lookup], request AddTest
Fatal Error: Undefined offset: 1 (QueryManager.php:816) causes Runtime error with details #0 QueryManager.php:816 asm\utils\ErrorHandler->handleError(8, 'Undefined offset: 1', 'C:\\Apps\\EasyPHP\\data\\localweb\\xmlcheck\\core\\db\\QueryManager.php', 816, array('requestId' => 'getQuestionsVisibleByUserId', 'args' => array(0 => '543'), 'selectTable' => 118))
#1 Database.php:47 asm\db\QueryManager::getQuery('getQuestionsVisibleByUserId', array(0 => '543'))
#2 Core.php:40 asm\db\Database::request('getQuestionsVisibleByUserId', array(0 => '543'))
#3 AddTest.php:45 asm\core\Core::sendDbRequest('getQuestionsVisibleByUserId', '543')
#4 UiScript.php:45 asm\core\AddTest->body()
#5 Core.php:266 asm\core\UiScript->run(array('description' => 'gsdfgdfsgdsf', 'count' => '1', 'questions' => ';1'), array())
#6 request.php:39 asm\core\Core::handleUiRequest(array('description' => 'gsdfgdfsgdsf', 'count' => '1', 'questions' => ';1', 'action' => 'AddTest'), array())

2014-11-13 09:05:20 User smazatelnyuzivatel, IP 127.0.0.1, host [no lookup], request GetMotd
Fatal Error: file_get_contents(motd.txt): failed to open stream: No such file or directory (GetMotd.php:10) causes Runtime error with details #0 [unknown location] asm\utils\ErrorHandler->handleError(2, 'file_get_contents(motd.txt): failed to open stream: No such file or directory', 'C:\\Apps\\EasyPHP\\data\\localweb\\xmlcheck\\core\\core\\scripts\\GetMotd.php', 10, array())
#1 GetMotd.php:10 file_get_contents('motd.txt')
#2 UiScript.php:45 asm\core\GetMotd->body()
#3 Core.php:269 asm\core\UiScript->run(array(), array())
#4 request.php:40 asm\core\Core::handleUiRequest(array('action' => 'GetMotd'), array())

2014-11-13 09:06:46 User smazatelnyuzivatel, IP 127.0.0.1, host [no lookup], request GetMotd
Fatal Error: file_get_contents(motd.txt): failed to open stream: No such file or directory (GetMotd.php:10) causes Runtime error with details #0 [unknown location] asm\utils\ErrorHandler->handleError(2, 'file_get_contents(motd.txt): failed to open stream: No such file or directory', 'C:\\Apps\\EasyPHP\\data\\localweb\\xmlcheck\\core\\core\\scripts\\GetMotd.php', 10, array())
#1 GetMotd.php:10 file_get_contents('motd.txt')
#2 UiScript.php:45 asm\core\GetMotd->body()
#3 Core.php:269 asm\core\UiScript->run(array(), array())
#4 request.php:40 asm\core\Core::handleUiRequest(array('action' => 'GetMotd'), array())

2014-11-13 09:07:17 User smazatelnyuzivatel, IP 127.0.0.1, host [no lookup], request GetMotd
Fatal Error: file_get_contents(motd.txt): failed to open stream: No such file or directory (GetMotd.php:10) causes Runtime error with details #0 [unknown location] asm\utils\ErrorHandler->handleError(2, 'file_get_contents(motd.txt): failed to open stream: No such file or directory', 'C:\\Apps\\EasyPHP\\data\\localweb\\xmlcheck\\core\\core\\scripts\\GetMotd.php', 10, array())
#1 GetMotd.php:10 file_get_contents('motd.txt')
#2 UiScript.php:45 asm\core\GetMotd->body()
#3 Core.php:269 asm\core\UiScript->run(array(), array())
#4 request.php:40 asm\core\Core::handleUiRequest(array('action' => 'GetMotd'), array())

2014-11-13 09:08:01 User smazatelnyuzivatel, IP 127.0.0.1, host [no lookup], request GetMotd
Fatal Error: file_get_contents(motd.txt): failed to open stream: No such file or directory (GetMotd.php:10) causes Runtime error with details #0 [unknown location] asm\utils\ErrorHandler->handleError(2, 'file_get_contents(motd.txt): failed to open stream: No such file or directory', 'C:\\Apps\\EasyPHP\\data\\localweb\\xmlcheck\\core\\core\\scripts\\GetMotd.php', 10, array())
#1 GetMotd.php:10 file_get_contents('motd.txt')
#2 UiScript.php:45 asm\core\GetMotd->body()
#3 Core.php:269 asm\core\UiScript->run(array(), array())
#4 request.php:40 asm\core\Core::handleUiRequest(array('action' => 'GetMotd'), array())

2014-11-13 10:00:12 User smazatelnyuzivatel, IP 127.0.0.1, host [no lookup], request AddSubmission
Fatal Error: rename(C:\Apps\EasyPHP\binaries\tmp\php802C.tmp,): Invalid argument (UiScript.php:281) causes Runtime error with details #0 [unknown location] asm\utils\ErrorHandler->handleError(2, 'rename(C:\\Apps\\EasyPHP\\binaries\\tmp\\php802C.tmp,): Invalid argument', 'C:\\Apps\\EasyPHP\\data\\localweb\\xmlcheck\\core\\core\\ui\\UiScript.php', 281, array('id' => 'submission', 'dest' => 'submissions/2014-11-13_10-00-12_1241_FhlyXyUk0S.zip', 'src' => 'C:\\Apps\\EasyPHP\\binaries\\tmp\\php802C.tmp'))
#1 UiScript.php:281 rename('C:\\Apps\\EasyPHP\\binaries\\tmp\\php802C.tmp', '')
#2 AddSubmission.php:43 asm\core\UiScript->saveUploadedFile('submission', 'submissions/2014-11-13_10-00-12_1241_FhlyXyUk0S.zip')
#3 UiScript.php:45 asm\core\AddSubmission->body()
#4 Core.php:269 asm\core\UiScript->run(array('assignmentId' => '231'), array('submission' => array('name' => 'internalSubset.zip', 'type' => 'application/x-zip-compressed', 'tmp_name' => 'C:\\Apps\\EasyPHP\\binaries\\tmp\\php802C.tmp', 'error' => 0, 'size' => 2696)))
#5 request.php:40 asm\core\Core::handleUiRequest(array('assignmentId' => '231', 'action' => 'AddSubmission'), array('submission' => array('name' => 'internalSubset.zip', 'type' => 'application/x-zip-compressed', 'tmp_name' => 'C:\\Apps\\EasyPHP\\binaries\\tmp\\php802C.tmp', 'error' => 0, 'size' => 2696)))

2014-11-13 16:04:39 User soothsilver, IP 127.0.0.1, host [no lookup], request Activate
Error: Tento aktivační kód neexistuje. causes  with details 

2014-11-14 14:14:57 User [not logged in], IP 127.0.0.1, host [no lookup], request 
Fatal Error: No request data received (Core.php:263) causes Runtime error with details #0 request.php:40 asm\core\Core::handleUiRequest(array(), array())